<?xml version="1.0" encoding="UTF-8"?>
<!-- Generated by org.testng.reporters.JUnitReportReporter -->
<testsuite skipped="0" hostname="IBM463-PC0F1E5E" name="com.training.sanity.tests.Studentreport_ELTC_053_Tests" tests="1" failures="0" timestamp="07 Jun 2019 06:15:48 GMT" time="30.417" errors="0">
  <testcase name="validLoginTest" time="30.417" classname="com.training.sanity.tests.Studentreport_ELTC_053_Tests"/>
</testsuite> <!-- com.training.sanity.tests.Studentreport_ELTC_053_Tests -->
