<?xml version="1.0" encoding="UTF-8"?>
<!-- Generated by org.testng.reporters.JUnitReportReporter -->
<testsuite skipped="0" hostname="IBM463-PC0F1E5E" name="com.training.sanity.tests.subscribe_promotion_ELTC_055_Tests" tests="1" failures="0" timestamp="08 Jun 2019 16:38:03 GMT" time="34.183" errors="0">
  <testcase name="validLoginTest" time="34.183" classname="com.training.sanity.tests.subscribe_promotion_ELTC_055_Tests"/>
</testsuite> <!-- com.training.sanity.tests.subscribe_promotion_ELTC_055_Tests -->
