<?xml version="1.0" encoding="UTF-8"?>
<!-- Generated by org.testng.reporters.JUnitReportReporter -->
<testsuite skipped="0" hostname="IBM463-PC0F1E5E" name="com.training.sanity.tests.Modifydetails_ELTC_051_Tests" tests="1" failures="0" timestamp="06 Jun 2019 12:09:34 GMT" time="38.808" errors="0">
  <testcase name="validLoginTest" time="38.808" classname="com.training.sanity.tests.Modifydetails_ELTC_051_Tests"/>
</testsuite> <!-- com.training.sanity.tests.Modifydetails_ELTC_051_Tests -->
