<?xml version="1.0" encoding="UTF-8"?>
<!-- Generated by org.testng.reporters.JUnitReportReporter -->
<testsuite skipped="0" hostname="IBM463-PC0F1E5E" name="com.training.sanity.tests.Addcourse_ELTC_023Tests" tests="1" failures="0" timestamp="31 May 2019 05:02:45 GMT" time="25.794" errors="0">
  <testcase name="validLoginTest" time="25.794" classname="com.training.sanity.tests.Addcourse_ELTC_023Tests"/>
</testsuite> <!-- com.training.sanity.tests.Addcourse_ELTC_023Tests -->
