<?xml version="1.0" encoding="UTF-8"?>
<!-- Generated by org.testng.reporters.JUnitReportReporter -->
<testsuite skipped="0" hostname="IBM463-PC0F1E5E" name="com.training.sanity.tests.Deletecourse_ELTC_021" tests="1" failures="0" timestamp="31 May 2019 07:11:50 GMT" time="17.687" errors="0">
  <testcase name="validLoginTest" time="17.687" classname="com.training.sanity.tests.Deletecourse_ELTC_021"/>
</testsuite> <!-- com.training.sanity.tests.Deletecourse_ELTC_021 -->
