<?xml version="1.0" encoding="UTF-8"?>
<!-- Generated by org.testng.reporters.JUnitReportReporter -->
<testsuite skipped="0" hostname="IBM463-PC0F1E5E" name="com.training.regression.tests.LoginExcelTest" tests="2" failures="0" timestamp="13 Jun 2019 11:05:55 GMT" time="32.311" errors="0">
  <testcase name="loginDBTest" time="13.938" classname="com.training.regression.tests.LoginExcelTest"/>
  <testcase name="loginDBTest" time="18.373" classname="com.training.regression.tests.LoginExcelTest"/>
</testsuite> <!-- com.training.regression.tests.LoginExcelTest -->
