<?xml version="1.0" encoding="UTF-8"?>
<!-- Generated by org.testng.reporters.JUnitReportReporter -->
<testsuite skipped="0" hostname="IBM463-PC0F1E5E" name="com.training.sanity.tests.Modifydetails_ELTC_05_Tests" tests="1" failures="0" timestamp="03 Jun 2019 12:08:18 GMT" time="36.358" errors="0">
  <testcase name="validLoginTest" time="36.358" classname="com.training.sanity.tests.Modifydetails_ELTC_05_Tests"/>
</testsuite> <!-- com.training.sanity.tests.Modifydetails_ELTC_05_Tests -->
