<?xml version="1.0" encoding="UTF-8"?>
<!-- Generated by org.testng.reporters.JUnitReportReporter -->
<testsuite skipped="0" hostname="IBM463-PC0F1E5E" name="com.training.sanity.tests.Teacher_report_ELTC_054_Tests" tests="1" failures="0" timestamp="07 Jun 2019 11:31:00 GMT" time="39.142" errors="0">
  <testcase name="validLoginTest" time="39.142" classname="com.training.sanity.tests.Teacher_report_ELTC_054_Tests"/>
</testsuite> <!-- com.training.sanity.tests.Teacher_report_ELTC_054_Tests -->
