<?xml version="1.0" encoding="UTF-8"?>
<!-- Generated by org.testng.reporters.JUnitReportReporter -->
<testsuite skipped="0" hostname="IBM463-PC0F1E5E" name="com.training.regression.tests.AdminCreateUsersTest" tests="1" failures="0" timestamp="20 Jun 2019 08:40:27 GMT" time="57.851" errors="0">
  <testcase name="loginDBTest" time="57.851" classname="com.training.regression.tests.AdminCreateUsersTest"/>
</testsuite> <!-- com.training.regression.tests.AdminCreateUsersTest -->
