<?xml version="1.0" encoding="UTF-8"?>
<!-- Generated by org.testng.reporters.JUnitReportReporter -->
<testsuite skipped="0" hostname="IBM463-PC0F1E5E" name="com.training.sanity.tests.LoginTests" tests="1" failures="0" timestamp="28 May 2019 14:59:17 GMT" time="14.574" errors="0">
  <testcase name="validLoginTest" time="14.574" classname="com.training.sanity.tests.LoginTests"/>
</testsuite> <!-- com.training.sanity.tests.LoginTests -->
