<?xml version="1.0" encoding="UTF-8"?>
<!-- Generated by org.testng.reporters.JUnitReportReporter -->
<testsuite skipped="0" hostname="IBM463-PC0F1E5E" name="com.training.sanity.tests.Sessionscategorieslist_ELTC_052_Tests" tests="1" failures="0" timestamp="06 Jun 2019 14:58:03 GMT" time="32.878" errors="0">
  <testcase name="validLoginTest" time="32.878" classname="com.training.sanity.tests.Sessionscategorieslist_ELTC_052_Tests"/>
</testsuite> <!-- com.training.sanity.tests.Sessionscategorieslist_ELTC_052_Tests -->
