<?xml version="1.0" encoding="UTF-8"?>
<!-- Generated by org.testng.reporters.JUnitReportReporter -->
<testsuite skipped="0" hostname="IBM463-PC0F1E5E" name="com.training.sanity.tests.Removecategory_ELTC_025Tests" tests="1" failures="0" timestamp="31 May 2019 11:26:05 GMT" time="16.360" errors="0">
  <testcase name="validLoginTest" time="16.360" classname="com.training.sanity.tests.Removecategory_ELTC_025Tests"/>
</testsuite> <!-- com.training.sanity.tests.Removecategory_ELTC_025Tests -->
