<?xml version="1.0" encoding="UTF-8"?>
<!-- Generated by org.testng.reporters.JUnitReportReporter -->
<testsuite skipped="0" hostname="IBM463-PC0F1E5E" name="com.training.regression.tests.ELTC_083_ErrorMessageForInvalidDataTest" tests="1" failures="0" timestamp="19 Jun 2019 12:18:51 GMT" time="27.722" errors="0">
  <testcase name="loginDBTest" time="27.722" classname="com.training.regression.tests.ELTC_083_ErrorMessageForInvalidDataTest"/>
</testsuite> <!-- com.training.regression.tests.ELTC_083_ErrorMessageForInvalidDataTest -->
