<?xml version="1.0" encoding="UTF-8"?>
<!-- Generated by org.testng.reporters.JUnitReportReporter -->
<testsuite skipped="0" hostname="IBM463-PC0F1E5E" name="com.training.sanity.tests.Priority_Tests" tests="5" failures="0" timestamp="08 Jun 2019 17:31:20 GMT" time="36.558" errors="0">
  <testcase name="validCareersIcon" time="9.054" classname="com.training.sanity.tests.Priority_Tests"/>
  <testcase name="setUp" time="10.000" classname="com.training.sanity.tests.Priority_Tests"/>
  <testcase name="validLoginTest" time="3.956" classname="com.training.sanity.tests.Priority_Tests"/>
  <testcase name="validPromotionsIcon" time="6.069" classname="com.training.sanity.tests.Priority_Tests"/>
  <testcase name="validSubscribePromotion" time="7.479" classname="com.training.sanity.tests.Priority_Tests"/>
</testsuite> <!-- com.training.sanity.tests.Priority_Tests -->
