<?xml version="1.0" encoding="UTF-8"?>
<!-- Generated by org.testng.reporters.JUnitReportReporter -->
<testsuite skipped="0" hostname="IBM463-PC0F1E5E" name="com.training.sanity.tests.Createcourse_ELTC_022Tests" tests="1" failures="0" timestamp="30 May 2019 12:06:27 GMT" time="29.260" errors="0">
  <testcase name="validLoginTest" time="29.260" classname="com.training.sanity.tests.Createcourse_ELTC_022Tests"/>
</testsuite> <!-- com.training.sanity.tests.Createcourse_ELTC_022Tests -->
