<?xml version="1.0" encoding="UTF-8"?>
<!-- Generated by org.testng.reporters.JUnitReportReporter -->
<testsuite skipped="0" hostname="IBM463-PC0F1E5E" name="com.training.sanity.tests.Newcourse_ELTC_024Tests" tests="1" failures="0" timestamp="31 May 2019 11:08:42 GMT" time="20.580" errors="0">
  <testcase name="validLoginTest" time="20.580" classname="com.training.sanity.tests.Newcourse_ELTC_024Tests"/>
</testsuite> <!-- com.training.sanity.tests.Newcourse_ELTC_024Tests -->
