<?xml version="1.0" encoding="UTF-8"?>
<!-- Generated by org.testng.reporters.JUnitReportReporter -->
<testsuite skipped="0" hostname="IBM463-PC0F1E5E" name="com.training.sanity.tests.Comments_Tests" tests="5" failures="0" timestamp="08 Jun 2019 17:46:02 GMT" time="28.381" errors="0">
  <testcase name="validCareersIcon" time="6.225" classname="com.training.sanity.tests.Comments_Tests"/>
  <testcase name="setUp" time="10.197" classname="com.training.sanity.tests.Comments_Tests"/>
  <testcase name="validLoginTest" time="4.109" classname="com.training.sanity.tests.Comments_Tests"/>
  <testcase name="validPromotionsIcon" time="4.247" classname="com.training.sanity.tests.Comments_Tests"/>
  <testcase name="validSubscribePromotion" time="3.603" classname="com.training.sanity.tests.Comments_Tests"/>
</testsuite> <!-- com.training.sanity.tests.Comments_Tests -->
